<?xml version="1.0" encoding="UTF-8"?>
<!-- Generated by org.testng.reporters.JUnitReportReporter -->
<testsuite hostname="DESKTOP-8TDN02Q" failures="0" tests="1" name="tests.AddKPiSettingTest" time="7.662" errors="0" timestamp="2023-04-16T12:13:57 EET" skipped="0">
  <testcase classname="tests.AddKPiSettingTest" name="TestAdd_Kpis" time="7.662"/>
  <system-out/>
</testsuite> <!-- tests.AddKPiSettingTest -->
