<?xml version="1.0" encoding="UTF-8"?>
<!-- Generated by org.testng.reporters.JUnitReportReporter -->
<testsuite hostname="DESKTOP-MQO629T" failures="0" tests="1" name="tests.AddKPiSettingTest" time="5.957" errors="0" timestamp="2022-05-12T19:55:25 EET" skipped="0">
  <testcase classname="tests.AddKPiSettingTest" name="TestAdd_Kpis" time="5.957"/>
  <system-out/>
</testsuite> <!-- tests.AddKPiSettingTest -->
